[10.368s] Invoking command in '/home/E14Raspberry/ScooperBot/tennisbot_ws/build/serial_motor_demo': AMENT_PREFIX_PATH=/home/E14Raspberry/ScooperBot/tennisbot_ws/install/serial_motor_demo_msgs:${AMENT_PREFIX_PATH} CMAKE_PREFIX_PATH=/home/E14Raspberry/ScooperBot/tennisbot_ws/install/serial_motor_demo_msgs:${CMAKE_PREFIX_PATH} LD_LIBRARY_PATH=/home/E14Raspberry/ScooperBot/tennisbot_ws/install/serial_motor_demo_msgs/lib:${LD_LIBRARY_PATH} PYTHONPATH=/home/E14Raspberry/ScooperBot/tennisbot_ws/build/serial_motor_demo/prefix_override:/usr/lib/python3/dist-packages/colcon_core/task/python/colcon_distutils_commands:/home/E14Raspberry/ScooperBot/tennisbot_ws/install/serial_motor_demo/lib/python3.12/site-packages:/home/E14Raspberry/ScooperBot/tennisbot_ws/install/serial_motor_demo_msgs/lib/python3.12/site-packages:${PYTHONPATH} /usr/bin/python3 -W ignore:setup.py install is deprecated setup.py develop --editable --build-directory /home/E14Raspberry/ScooperBot/tennisbot_ws/build/serial_motor_demo/build --no-deps symlink_data
[10.538s] 'import warnings' failed; traceback:
[10.541s] Traceback (most recent call last):
[10.544s]   File "/usr/lib/python3.12/warnings.py", line 585, in <module>
[10.557s]     _processoptions(sys.warnoptions)
[10.559s]   File "/usr/lib/python3.12/warnings.py", line 209, in _processoptions
[10.561s]     _setoption(arg)
[10.564s]   File "/usr/lib/python3.12/warnings.py", line 225, in _setoption
[10.566s]     import re
[10.568s]   File "/usr/lib/python3.12/re/__init__.py", line 125, in <module>
[10.572s]     from . import _compiler, _parser
[10.573s]   File "/usr/lib/python3.12/re/_compiler.py", line 16, in <module>
[10.576s]     from ._casefix import _EXTRA_CASES
[10.580s]   File "<frozen importlib._bootstrap>", line 1357, in _find_and_load
[10.582s]   File "<frozen importlib._bootstrap>", line 417, in __enter__
[10.584s]   File "<frozen importlib._bootstrap>", line 443, in _get_module_lock
[10.586s]   File "<frozen importlib._bootstrap>", line 232, in __init__
[10.588s] KeyboardInterrupt
[12.605s] Traceback (most recent call last):
[12.607s]   File "/usr/lib/python3.12/pathlib.py", line 862, in exists
[12.609s]     self.stat(follow_symlinks=follow_symlinks)
[12.610s]   File "/usr/lib/python3.12/pathlib.py", line 842, in stat
[12.613s]     return os.stat(self, follow_symlinks=follow_symlinks)
[12.615s]            ^^^^^^^^^^^^^^^^^^^^^^^^^^^^^^^^^^^^^^^^^^^^^^
[12.616s] FileNotFoundError: [Errno 2] No such file or directory: 'pyproject.toml'
[12.617s] 
[12.620s] During handling of the above exception, another exception occurred:
[12.621s] 
[12.622s] Traceback (most recent call last):
[12.623s]   File "/home/E14Raspberry/ScooperBot/tennisbot_ws/build/serial_motor_demo/setup.py", line 5, in <module>
[12.624s]     setup(
[12.627s]   File "/usr/lib/python3/dist-packages/setuptools/__init__.py", line 107, in setup
[12.629s]     return distutils.core.setup(**attrs)
[12.630s]            ^^^^^^^^^^^^^^^^^^^^^^^^^^^^^
[12.632s]   File "/usr/lib/python3/dist-packages/setuptools/_distutils/core.py", line 159, in setup
[12.633s]     dist.parse_config_files()
[12.635s]   File "/usr/lib/python3/dist-packages/setuptools/dist.py", line 891, in parse_config_files
[12.636s]     inifiles, tomlfiles = self._get_project_config_files(filenames)
[12.638s]                           ^^^^^^^^^^^^^^^^^^^^^^^^^^^^^^^^^^^^^^^^^
[12.639s]   File "/usr/lib/python3/dist-packages/setuptools/dist.py", line 883, in _get_project_config_files
[12.641s]     elif standard_project_metadata.exists():
[12.642s]          ^^^^^^^^^^^^^^^^^^^^^^^^^^^^^^^^^^
[12.644s]   File "/usr/lib/python3.12/pathlib.py", line 864, in exists
[12.645s]     if not _ignore_error(e):
[12.647s]            ^^^^^^^^^^^^^^^^
[12.648s]   File "/usr/lib/python3.12/pathlib.py", line 51, in _ignore_error
[12.650s]     def _ignore_error(exception):
[12.651s]     
[12.653s] KeyboardInterrupt
